10:23:36 **** Build of configuration Nios II for project lms_ctr_app ****
make mem_init_generate 
Info: Building ../lms_ctr_bsp/
C:/altera_lite/15.1/nios2eds/bin/gnu/H-x86_64-mingw32/bin/make --no-print-directory -C ../lms_ctr_bsp/
[BSP build complete]
Post-processing to create mem_init/lms_ctr_onchip_flash_0.hex...
elf2hex lms_ctr_app.elf 0x00100000 0x0018bfff --width=8 --little-endian-mem --create-lanes=0 mem_init/lms_ctr_onchip_flash_0.hex
Post-processing to create mem_init/lms_ctr_onchip_memory2_0.hex...
elf2hex lms_ctr_app.elf 0x00200000 0x00200fff --width=32 --little-endian-mem --create-lanes=0 mem_init/lms_ctr_onchip_memory2_0.hex
Post-processing to create mem_init/hdl_sim/lms_ctr_onchip_flash_0.dat...
elf2dat --infile=lms_ctr_app.elf --outfile=mem_init/hdl_sim/lms_ctr_onchip_flash_0.dat \
		--base=0x00100000 --end=0x0018bfff --width=32 \
		--little-endian-mem --create-lanes=0 
Post-processing to create mem_init/hdl_sim/lms_ctr_onchip_memory2_0.dat...
elf2dat --infile=lms_ctr_app.elf --outfile=mem_init/hdl_sim/lms_ctr_onchip_memory2_0.dat \
		--base=0x00200000 --end=0x00200fff --width=32 \
		--little-endian-mem --create-lanes=0 
Post-processing to create mem_init/hdl_sim/lms_ctr_onchip_flash_0.sym...
nios2-elf-nm -n lms_ctr_app.elf > mem_init/hdl_sim/lms_ctr_onchip_flash_0.sym
Post-processing to create mem_init/hdl_sim/lms_ctr_onchip_memory2_0.sym...
nios2-elf-nm -n lms_ctr_app.elf > mem_init/hdl_sim/lms_ctr_onchip_memory2_0.sym
Post-processing to create lms_ctr_onchip_flash_0.flash...
elf2flash --input=lms_ctr_app.elf --outfile=lms_ctr_onchip_flash_0.flash --sim_optimize=0 --little-endian-mem \
		--base=0x00100000 --end=0x0018bfff --reset=0x00100000  

10:23:37 Build Finished (took 1s.316ms)

